<?xml version="1.0" encoding="UTF-8"?>
<!-- Generated by org.testng.reporters.JUnitReportReporter -->
<testsuite skipped="0" hostname="LAPTOP-FT5S200T" name="NewTest" tests="3" failures="0" timestamp="08 Aug 2019 10:05:08 GMT" time="28.095" errors="0">
  <testcase name="openADDAGK" time="7.092" classname="NewTest"/>
  <testcase name="CheckIn" time="15.438" classname="NewTest"/>
  <testcase name="CheckOut" time="5.565" classname="NewTest"/>
</testsuite> <!-- NewTest -->
